0 info it worked if it ends with ok
1 verbose cli [ 'C:\\Program Files\\nodejs\\node.exe',
1 verbose cli   'C:\\Users\\jhosef.carvalho\\AppData\\Roaming\\npm\\node_modules\\npm\\bin\\npm-cli.js',
1 verbose cli   'publish' ]
2 info using npm@3.10.3
3 info using node@v6.2.2
4 verbose publish [ '.' ]
5 silly cache add args [ '.', null ]
6 verbose cache add spec .
7 silly cache add parsed spec Result {
7 silly cache add   raw: '.',
7 silly cache add   scope: null,
7 silly cache add   escapedName: null,
7 silly cache add   name: null,
7 silly cache add   rawSpec: '.',
7 silly cache add   spec: 'C:\\WorkspaceVSTF\\generator-totvs-dev',
7 silly cache add   type: 'directory' }
8 verbose addLocalDirectory C:\Users\jhosef.carvalho\AppData\Roaming\npm-cache\generator-totvs-dev\0.1.0\package.tgz not in flight; packing
9 verbose correctMkdir C:\Users\jhosef.carvalho\AppData\Roaming\npm-cache correctMkdir not in flight; initializing
10 info lifecycle generator-totvs-dev@0.1.0~prepublish: generator-totvs-dev@0.1.0
11 verbose lifecycle generator-totvs-dev@0.1.0~prepublish: unsafe-perm in lifecycle true
12 verbose lifecycle generator-totvs-dev@0.1.0~prepublish: PATH: C:\Users\jhosef.carvalho\AppData\Roaming\npm\node_modules\npm\bin\node-gyp-bin;C:\WorkspaceVSTF\generator-totvs-dev\node_modules\.bin;C:\Program Files\nodejs;C:\Program Files\ConEmu\ConEmu\Scripts;C:\Program Files\ConEmu\ConEmu\Scripts;C:\Program Files\ConEmu\ConEmu\Scripts;C:\Program Files\ConEmu\ConEmu\Scripts;C:\Program Files\ConEmu;C:\Program Files\ConEmu\ConEmu;C:\Program Files (x86)\Java\jdk1.6.0_45\Bin;C:\ProgramData\Oracle\Java\javapath;C:\oracle\app\product\11.2.0\client_1\bin;C:\Windows\system32;C:\Windows;C:\Windows\System32\Wbem;C:\Windows\System32\WindowsPowerShell\v1.0\;C:\Program Files (x86)\Intel\OpenCL SDK\2.0\bin\x86;C:\Program Files (x86)\Intel\OpenCL SDK\2.0\bin\x64;C:\apache-maven-2.2.1\bin;C:\Program Files\TortoiseSVN\bin;C:\Python27;C:\Python27\Scripts;C:\Program Files (x86)\Enterprise Vault\EVClient\;C:\Program Files (x86)\Skype\Phone\;C:\Program Files\TortoiseGit\bin;C:\TEE-CLC-10.1.0;C:\Program Files (x86)\Brackets\command;C:\Program Files\nodejs\;C:\Program Files\Git\cmd;C:\Users\jhosef.carvalho\AppData\Local\atom\bin;C:\Program Files (x86)\Microsoft VS Code\bin;C:\Users\jhosef.carvalho\AppData\Roaming\npm
13 verbose lifecycle generator-totvs-dev@0.1.0~prepublish: CWD: C:\WorkspaceVSTF\generator-totvs-dev
14 silly lifecycle generator-totvs-dev@0.1.0~prepublish: Args: [ '/d /s /c', 'gulp prepublish' ]
15 silly lifecycle generator-totvs-dev@0.1.0~prepublish: Returned: code: 0  signal: null
16 verbose tar pack [ 'C:\\Users\\jhosef.carvalho\\AppData\\Roaming\\npm-cache\\generator-totvs-dev\\0.1.0\\package.tgz',
16 verbose tar pack   'C:\\WorkspaceVSTF\\generator-totvs-dev' ]
17 verbose tarball C:\Users\jhosef.carvalho\AppData\Roaming\npm-cache\generator-totvs-dev\0.1.0\package.tgz
18 verbose folder C:\WorkspaceVSTF\generator-totvs-dev
19 verbose addLocalTarball adding from inside cache C:\Users\jhosef.carvalho\AppData\Roaming\npm-cache\generator-totvs-dev\0.1.0\package.tgz
20 verbose correctMkdir C:\Users\jhosef.carvalho\AppData\Roaming\npm-cache correctMkdir not in flight; initializing
21 silly cache afterAdd generator-totvs-dev@0.1.0
22 verbose afterAdd C:\Users\jhosef.carvalho\AppData\Roaming\npm-cache\generator-totvs-dev\0.1.0\package\package.json not in flight; writing
23 verbose correctMkdir C:\Users\jhosef.carvalho\AppData\Roaming\npm-cache correctMkdir not in flight; initializing
24 verbose afterAdd C:\Users\jhosef.carvalho\AppData\Roaming\npm-cache\generator-totvs-dev\0.1.0\package\package.json written
25 silly publish { name: 'generator-totvs-dev',
25 silly publish   version: '0.1.0',
25 silly publish   description: 'Generator of Totvs Web Developers',
25 silly publish   homepage: 'https://github.com/devtotvs/generator-totvs-dev',
25 silly publish   author:
25 silly publish    { name: 'Jhosef Marks de Carvalho',
25 silly publish      email: 'jhosef.carvalho@totvs.com.br',
25 silly publish      url: 'https://github.com/devtotvs/generator-totvs-dev' },
25 silly publish   files: [ 'generators' ],
25 silly publish   main: 'generators\\index.js',
25 silly publish   keywords:
25 silly publish    [ 'yeoman-generator',
25 silly publish      'totvs',
25 silly publish      'totvs-html-framework',
25 silly publish      'thf',
25 silly publish      'scaffold',
25 silly publish      'framework',
25 silly publish      'component',
25 silly publish      'front-end',
25 silly publish      'app',
25 silly publish      'angular' ],
25 silly publish   dependencies:
25 silly publish    { 'yeoman-generator': '^0.23.3',
25 silly publish      chalk: '^1.0.0',
25 silly publish      yosay: '^1.0.2',
25 silly publish      lodash: '^4.6.1' },
25 silly publish   devDependencies:
25 silly publish    { 'yeoman-test': '^1.0.0',
25 silly publish      'yeoman-assert': '^2.0.0',
25 silly publish      eslint: '^2.1.0',
25 silly publish      'eslint-config-xo-space': '^0.13.0',
25 silly publish      gulp: '^3.9.0',
25 silly publish      'gulp-eslint': '^2.0.0',
25 silly publish      'gulp-exclude-gitignore': '^1.0.0',
25 silly publish      'gulp-line-ending-corrector': '^1.0.1',
25 silly publish      'gulp-istanbul': '^0.10.3',
25 silly publish      'gulp-mocha': '^2.0.0',
25 silly publish      'gulp-plumber': '^1.0.0',
25 silly publish      'gulp-nsp': '^2.1.0' },
25 silly publish   eslintConfig: { extends: 'xo-space', env: { mocha: true } },
25 silly publish   repository:
25 silly publish    { type: 'git',
25 silly publish      url: 'git+https://github.com/devtotvs/generator-totvs-dev.git' },
25 silly publish   scripts: { prepublish: 'gulp prepublish', test: 'gulp' },
25 silly publish   license: 'MIT',
25 silly publish   readme: '# generator-totvs-dev \n\n[![NPM version][npm-image]][npm-url] \n[![Build Status][travis-image]][travis-url] \n[![Dependency Status][daviddm-image]][daviddm-url]\n\n> Generator of Totvs Web Developers\n\n## Installation\n\nFirst, install [Yeoman](http://yeoman.io) and generator-totvs-dev using [npm](https://www.npmjs.com/) (we assume you have pre-installed [node.js](https://nodejs.org/)).\n\n```bash\nnpm install -g yo\nnpm install -g generator-totvs-dev\n```\n\nThen generate your new project:\n\n```bash\nyo totvs-dev\n```\n\n## Getting To Know Yeoman\n\n * Yeoman has a heart of gold.\n * Yeoman is a person with feelings and opinions, but is very easy to work with.\n * Yeoman can be too opinionated at times but is easily convinced not to be.\n * Feel free to [learn more about Yeoman](http://yeoman.io/).\n\n## Dependencies\n\nGet TOTVS HTML Framework and Kendo UI in [private server](http://totvsjoi-tdi06:8080/tfs/Totvs-Html-Framework/thf-teste/_git/thf-dist) and install manually\n\n## License\n\nMIT © [TOTVS](https://github.com/devtotvs/generator-totvs-dev)\n\n\n[npm-image]: https://badge.fury.io/js/generator-totvs-dev.svg\n[npm-url]: https://npmjs.org/package/generator-totvs-dev\n[travis-image]: https://travis-ci.org/devtotvs/generator-totvs-dev.svg?branch=master\n[travis-url]: https://travis-ci.org/devtotvs/generator-totvs-dev\n[daviddm-image]: https://david-dm.org/devtotvs/generator-totvs-dev.svg?theme=shields.io\n[daviddm-url]: https://david-dm.org/devtotvs/generator-totvs-dev\n',
25 silly publish   readmeFilename: 'README.md',
25 silly publish   gitHead: '343a3b4e2d9d971df70145cb14437d7957757952',
25 silly publish   bugs: { url: 'https://github.com/devtotvs/generator-totvs-dev/issues' },
25 silly publish   _id: 'generator-totvs-dev@0.1.0',
25 silly publish   _shasum: '94eccb4de777e44bdb7e7672adeda87eb8e80c80',
25 silly publish   _from: '.' }
26 verbose getPublishConfig undefined
27 silly mapToRegistry name generator-totvs-dev
28 silly mapToRegistry using default registry
29 silly mapToRegistry registry https://registry.npmjs.org/
30 silly mapToRegistry data Result {
30 silly mapToRegistry   raw: 'generator-totvs-dev',
30 silly mapToRegistry   scope: null,
30 silly mapToRegistry   escapedName: 'generator-totvs-dev',
30 silly mapToRegistry   name: 'generator-totvs-dev',
30 silly mapToRegistry   rawSpec: '',
30 silly mapToRegistry   spec: 'latest',
30 silly mapToRegistry   type: 'tag' }
31 silly mapToRegistry uri https://registry.npmjs.org/generator-totvs-dev
32 verbose publish registryBase https://registry.npmjs.org/
33 silly publish uploading C:\Users\jhosef.carvalho\AppData\Roaming\npm-cache\generator-totvs-dev\0.1.0\package.tgz
34 verbose request uri https://registry.npmjs.org/generator-totvs-dev
35 verbose request sending authorization for write operation
36 info attempt registry request try #1 at 19:28:44
37 verbose request using bearer token for auth
38 verbose request id 6f0b4024dd648564
39 http request PUT https://registry.npmjs.org/generator-totvs-dev
40 http 403 https://registry.npmjs.org/generator-totvs-dev
41 verbose headers { 'content-type': 'application/json',
41 verbose headers   'cache-control': 'max-age=300',
41 verbose headers   'content-length': '95',
41 verbose headers   'accept-ranges': 'bytes',
41 verbose headers   date: 'Mon, 25 Jul 2016 22:28:45 GMT',
41 verbose headers   via: '1.1 varnish',
41 verbose headers   connection: 'close',
41 verbose headers   'x-served-by': 'cache-gru7125-GRU',
41 verbose headers   'x-cache': 'MISS',
41 verbose headers   'x-cache-hits': '0',
41 verbose headers   'x-timer': 'S1469485724.275888,VS0,VE1326',
41 verbose headers   vary: 'Accept-Encoding' }
42 verbose request invalidating C:\Users\jhosef.carvalho\AppData\Roaming\npm-cache\registry.npmjs.org\generator-totvs-dev on PUT
43 error publish Failed PUT 403
44 verbose stack Error: "You cannot publish over the previously published version 0.1.0." : generator-totvs-dev
44 verbose stack     at makeError (C:\Users\jhosef.carvalho\AppData\Roaming\npm\node_modules\npm\node_modules\npm-registry-client\lib\request.js:264:12)
44 verbose stack     at CachingRegistryClient.<anonymous> (C:\Users\jhosef.carvalho\AppData\Roaming\npm\node_modules\npm\node_modules\npm-registry-client\lib\request.js:252:14)
44 verbose stack     at Request._callback (C:\Users\jhosef.carvalho\AppData\Roaming\npm\node_modules\npm\node_modules\npm-registry-client\lib\request.js:172:14)
44 verbose stack     at Request.self.callback (C:\Users\jhosef.carvalho\AppData\Roaming\npm\node_modules\npm\node_modules\request\request.js:200:22)
44 verbose stack     at emitTwo (events.js:106:13)
44 verbose stack     at Request.emit (events.js:191:7)
44 verbose stack     at Request.<anonymous> (C:\Users\jhosef.carvalho\AppData\Roaming\npm\node_modules\npm\node_modules\request\request.js:1067:10)
44 verbose stack     at emitOne (events.js:101:20)
44 verbose stack     at Request.emit (events.js:188:7)
44 verbose stack     at IncomingMessage.<anonymous> (C:\Users\jhosef.carvalho\AppData\Roaming\npm\node_modules\npm\node_modules\request\request.js:988:12)
45 verbose statusCode 403
46 verbose pkgid generator-totvs-dev
47 verbose cwd C:\WorkspaceVSTF\generator-totvs-dev
48 error Windows_NT 6.3.9600
49 error argv "C:\\Program Files\\nodejs\\node.exe" "C:\\Users\\jhosef.carvalho\\AppData\\Roaming\\npm\\node_modules\\npm\\bin\\npm-cli.js" "publish"
50 error node v6.2.2
51 error npm  v3.10.3
52 error code E403
53 error "You cannot publish over the previously published version 0.1.0." : generator-totvs-dev
54 error If you need help, you may report this error at:
54 error     <https://github.com/npm/npm/issues>
55 verbose exit [ 1, true ]
